<?xml version="1.0" encoding="UTF-8"?>
<testng-results ignored="0" total="1" passed="1" failed="0" skipped="0">
  <reporter-output>
  </reporter-output>
  <suite started-at="2024-01-08T13:55:29 IST" name="Default suite" finished-at="2024-01-08T13:55:33 IST" duration-ms="4613">
    <groups>
    </groups>
    <test started-at="2024-01-08T13:55:29 IST" name="Default test" finished-at="2024-01-08T13:55:33 IST" duration-ms="4613">
      <class name="pomtest.Blazetest">
        <test-method is-config="true" signature="setup()[pri:0, instance:pomtest.Blazetest@702657cc]" started-at="2024-01-08T13:55:29 IST" name="setup" finished-at="2024-01-08T13:55:30 IST" duration-ms="1562" status="PASS">
          <reporter-output>
          </reporter-output>
        </test-method> <!-- setup -->
        <test-method is-config="true" signature="url()[pri:0, instance:pomtest.Blazetest@702657cc]" started-at="2024-01-08T13:55:30 IST" name="url" finished-at="2024-01-08T13:55:32 IST" duration-ms="1798" status="PASS">
          <reporter-output>
          </reporter-output>
        </test-method> <!-- url -->
        <test-method signature="test()[pri:0, instance:pomtest.Blazetest@702657cc]" started-at="2024-01-08T13:55:32 IST" name="test" finished-at="2024-01-08T13:55:33 IST" duration-ms="1201" status="PASS">
          <reporter-output>
          </reporter-output>
        </test-method> <!-- test -->
      </class> <!-- pomtest.Blazetest -->
    </test> <!-- Default test -->
  </suite> <!-- Default suite -->
</testng-results>
